{"time":"2025-09-26T12:31:18.4018903+05:30","level":"ERROR","msg":"Failed to connect to the database pg: options other than 'sslmode' and 'application_name' are not supported"}
{"time":"2025-09-26T12:32:41.7651603+05:30","level":"ERROR","msg":"Failed to connect to the database pg: options other than 'sslmode' and 'application_name' are not supported"}
{"time":"2025-09-26T12:33:23.5434064+05:30","level":"ERROR","msg":"Failed to ping the database ERROR #XX000 Endpoint ID is not specified. Either please upgrade the postgres client library (libpq) for SNI support or pass the endpoint ID (first part of the domain name) as a parameter: '?options=endpoint%3D<endpoint-id>'. See more at https://neon.tech/sni"}
{"time":"2025-09-26T13:33:15.1286004+05:30","level":"ERROR","msg":"Failed to create user table: conn closed"}
{"time":"2025-09-26T13:34:35.0275588+05:30","level":"ERROR","msg":"Failed to connect to the database: failed to connect to `user=neondb_owner database=neondb`: hostname resolving error: lookup ep-tiny-brook-a1tnajyj-pooler.ap-southeast-1.aws.neon.tech: no such host"}
{"time":"2025-09-26T13:35:48.5892395+05:30","level":"ERROR","msg":"Failed to create user table: conn closed"}
{"time":"2025-09-26T13:37:45.1968656+05:30","level":"ERROR","msg":"Failed to create user table: conn closed"}
{"time":"2025-09-26T13:37:45.1968656+05:30","level":"ERROR","msg":"Failed to create user table: conn closed"}
{"time":"2025-09-26T13:41:20.5760313+05:30","level":"ERROR","msg":"Failed to connect to the database: failed to connect to `user=neondb_owner database=neondb`: hostname resolving error: lookup ep-tiny-brook-a1tnajyj-pooler.ap-southeast-1.aws.neon.tech: no such host"}
{"time":"2025-09-26T13:41:30.2302934+05:30","level":"ERROR","msg":"Failed to create user table: ERROR: type \"pronoun_enum\" already exists (SQLSTATE 42710)"}
{"time":"2025-09-26T13:57:49.5915847+05:30","level":"ERROR","msg":"Failed to connect to the database: failed to connect to `user=neondb_owner database=neondb`: hostname resolving error: lookup ep-tiny-brook-a1tnajyj-pooler.ap-southeast-1.aws.neon.tech: no such host"}
{"time":"2025-09-26T13:58:12.1233407+05:30","level":"ERROR","msg":"Failed to create user table: ERROR: type \"pronoun_enum\" already exists (SQLSTATE 42710)"}
{"time":"2025-09-26T13:59:22.016643+05:30","level":"ERROR","msg":"Failed to create user table: ERROR: type \"pronoun_enum\" already exists (SQLSTATE 42710)"}
{"time":"2025-09-26T15:06:07.6502928+05:30","level":"ERROR","msg":"Failed to connect to the database: failed to connect to `user=neondb_owner database=neondb`: hostname resolving error: lookup ep-tiny-brook-a1tnajyj-pooler.ap-southeast-1.aws.neon.tech: no such host"}
{"time":"2025-09-26T15:06:14.386568+05:30","level":"ERROR","msg":"Failed to create user table: ERROR: type \"pronoun_enum\" already exists (SQLSTATE 42710)"}
{"time":"2025-09-26T15:12:35.9432539+05:30","level":"ERROR","msg":"Failed to create user table: ERROR: type \"pronoun_enum\" already exists (SQLSTATE 42710)"}
{"time":"2025-09-26T15:14:19.1860413+05:30","level":"ERROR","msg":"Failed to create user table: ERROR: type \"pronoun_enum\" already exists (SQLSTATE 42710)"}
{"time":"2025-09-26T15:18:10.5865144+05:30","level":"ERROR","msg":"Failed to create user table: ERROR: type \"pronoun_enum\" already exists (SQLSTATE 42710)"}
{"time":"2025-09-26T15:18:59.4312658+05:30","level":"ERROR","msg":"Failed to connect to the database: failed to connect to `user=neondb_owner database=neondb`: hostname resolving error: lookup ep-tiny-brook-a1tnajyj-pooler.ap-southeast-1.aws.neon.tech: no such host"}
{"time":"2025-09-26T15:19:04.8856074+05:30","level":"ERROR","msg":"Failed to create user table: ERROR: type \"pronoun_enum\" already exists (SQLSTATE 42710)"}
{"time":"2025-10-12T19:35:02.115063+05:30","level":"ERROR","msg":"Failed to get User  %w withd id %d","!BADKEY":"record not found","!BADKEY":"1"}
{"time":"2025-10-13T10:54:16.5910263+05:30","level":"ERROR","msg":"Failed to connect to DB: %w","!BADKEY":"failed to connect to `user=neondb_owner database=neondb`: hostname resolving error: lookup ep-tiny-brook-a1tnajyj-pooler.ap-southeast-1.aws.neon.tech: no such host"}
{"time":"2025-10-13T10:54:16.5969203+05:30","level":"ERROR","msg":"Failed to ping DB: %w","!BADKEY":"failed to connect to `user=neondb_owner database=neondb`: hostname resolving error: lookup ep-tiny-brook-a1tnajyj-pooler.ap-southeast-1.aws.neon.tech: no such host"}
{"time":"2025-10-13T10:58:11.466276+05:30","level":"ERROR","msg":"Failed to get User  %w with id %s","!BADKEY":"record not found","!BADKEY":"00000000-0000-0000-0000-000000000000"}
{"time":"2025-10-13T10:59:08.273494+05:30","level":"ERROR","msg":"Failed to get User  %w with id %s","!BADKEY":"record not found","!BADKEY":"00000000-0000-0000-0000-000000000000"}
{"time":"2025-10-13T11:00:01.7883284+05:30","level":"ERROR","msg":"Failed to get User  %w with id %s","!BADKEY":"record not found","!BADKEY":"00000000-0000-0000-0000-000000000000"}
{"time":"2025-10-13T11:02:47.7136722+05:30","level":"ERROR","msg":"Failed to connect to DB: %w","!BADKEY":"failed to connect to `user=neondb_owner database=neondb`: hostname resolving error: lookup ep-tiny-brook-a1tnajyj-pooler.ap-southeast-1.aws.neon.tech: no such host"}
{"time":"2025-10-13T11:02:59.5029044+05:30","level":"ERROR","msg":"Failed to get User  %w with id %s","!BADKEY":"record not found","!BADKEY":"00000000-0000-0000-0000-000000000000"}
{"time":"2025-10-13T11:05:23.4524564+05:30","level":"ERROR","msg":"Failed to get User  %w with id %s","!BADKEY":"record not found","!BADKEY":"41fa2a15-5c21-43ce-8fc7-5898464debdc"}
{"time":"2025-10-23T09:59:11.1378571+05:30","level":"ERROR","msg":"Failed to initialize email service: %v","!BADKEY":"failed to initialize email service: ACCOUNT_PASSWORD environment variable is required"}
{"time":"2025-10-27T11:49:51.5089304+05:30","level":"ERROR","msg":"Failed to create bucket goCal-Other-Bucket: new row violates row-level security policy"}
{"time":"2025-10-27T11:49:52.0104442+05:30","level":"ERROR","msg":"Failed to create bucket goCal-Docs-Bucket: new row violates row-level security policy"}
{"time":"2025-10-27T11:49:52.5034664+05:30","level":"ERROR","msg":"Failed to create bucket goCal-Albums-Bucket: new row violates row-level security policy"}
{"time":"2025-10-27T11:49:52.9838104+05:30","level":"ERROR","msg":"Failed to create bucket goCal-Audios-Bucket: new row violates row-level security policy"}
{"time":"2025-10-27T11:49:53.5413769+05:30","level":"ERROR","msg":"Failed to create bucket goCal-Videos-Bucket: new row violates row-level security policy"}
{"time":"2025-10-27T11:49:53.5641627+05:30","level":"ERROR","msg":"Failed to connect to DB: %w","!BADKEY":"failed to connect to `user=neondb_owner database=neondb`: hostname resolving error: lookup ep-tiny-brook-a1tnajyj-pooler.ap-southeast-1.aws.neon.tech: no such host"}
{"time":"2025-10-28T16:08:54.0047949+05:30","level":"ERROR","msg":"Failed to create bucket goCal-Other-Bucket: new row violates row-level security policy"}
{"time":"2025-10-28T16:08:54.6303349+05:30","level":"ERROR","msg":"Failed to create bucket goCal-Docs-Bucket: new row violates row-level security policy"}
{"time":"2025-10-28T16:08:55.2253164+05:30","level":"ERROR","msg":"Failed to create bucket goCal-Albums-Bucket: new row violates row-level security policy"}
{"time":"2025-10-28T16:08:55.7550404+05:30","level":"ERROR","msg":"Failed to create bucket goCal-Audios-Bucket: new row violates row-level security policy"}
{"time":"2025-10-28T16:08:56.2554202+05:30","level":"ERROR","msg":"Failed to create bucket goCal-Videos-Bucket: new row violates row-level security policy"}
{"time":"2025-10-28T16:08:56.2889662+05:30","level":"ERROR","msg":"Failed to connect to DB: %w","!BADKEY":"failed to connect to `user=neondb_owner database=neondb`: hostname resolving error: lookup ep-tiny-brook-a1tnajyj-pooler.ap-southeast-1.aws.neon.tech: no such host"}
{"time":"2025-10-28T16:13:39.2308141+05:30","level":"ERROR","msg":"Failed to get all the files %s ","!BADKEY":"invalid field found for struct goCal/internal/schema.File's field AccessList: define a valid foreign key for relations or implement the Valuer/Scanner interface"}
{"time":"2025-10-28T16:13:51.759785+05:30","level":"ERROR","msg":"Failed to get all the files %s ","!BADKEY":"invalid field found for struct goCal/internal/schema.File's field AccessList: define a valid foreign key for relations or implement the Valuer/Scanner interface"}
{"time":"2025-10-28T16:16:48.2588014+05:30","level":"ERROR","msg":"Failed to get all the files %s ","!BADKEY":"invalid field found for struct goCal/internal/schema.File's field AccessList: define a valid foreign key for relations or implement the Valuer/Scanner interface"}
