{"time":"2025-09-26T12:40:29.9362874+05:30","level":"INFO","msg":"msg","Database connected":null}
{"time":"2025-09-26T13:33:15.127498+05:30","level":"INFO","msg":"msg","Database connected":null}
{"time":"2025-09-26T13:35:48.5876516+05:30","level":"INFO","msg":"msg","Database connected":null}
{"time":"2025-09-26T13:37:45.1834858+05:30","level":"INFO","msg":"msg","Database connected":null}
{"time":"2025-09-26T13:39:12.5691105+05:30","level":"INFO","msg":"msg","Database connected":null}
{"time":"2025-09-26T13:39:12.8306135+05:30","level":"INFO","msg":"msg","Users table created":null}
{"time":"2025-09-26T13:41:30.1505182+05:30","level":"INFO","msg":"msg","Database connected":null}
{"time":"2025-09-26T13:41:30.3088728+05:30","level":"INFO","msg":"msg","Users table created":null}
{"time":"2025-09-26T13:41:30.3088728+05:30","level":"INFO","msg":"msg","Database connection closed":null}
{"time":"2025-09-26T13:58:12.0433538+05:30","level":"INFO","msg":"msg","Database connected":null}
{"time":"2025-09-26T13:58:12.1989669+05:30","level":"INFO","msg":"msg","Users table created":null}
{"time":"2025-09-26T13:59:21.9324608+05:30","level":"INFO","msg":"msg","Database connected":null}
{"time":"2025-09-26T13:59:22.0989113+05:30","level":"INFO","msg":"msg","Users table created":null}
{"time":"2025-09-26T15:06:14.296032+05:30","level":"INFO","msg":"msg","Database connected":null}
{"time":"2025-09-26T15:06:14.4722374+05:30","level":"INFO","msg":"msg","Users table created":null}
{"time":"2025-09-26T15:12:35.868159+05:30","level":"INFO","msg":"msg","Database connected":null}
{"time":"2025-09-26T15:12:36.02568+05:30","level":"INFO","msg":"msg","Users table created":null}
{"time":"2025-09-26T15:14:19.1093419+05:30","level":"INFO","msg":"msg","Database connected":null}
{"time":"2025-09-26T15:14:19.2639553+05:30","level":"INFO","msg":"msg","Users table created":null}
{"time":"2025-09-26T15:18:10.5050892+05:30","level":"INFO","msg":"msg","Database connected":null}
{"time":"2025-09-26T15:18:10.6583075+05:30","level":"INFO","msg":"msg","Users table created":null}
{"time":"2025-09-26T15:19:04.6940365+05:30","level":"INFO","msg":"msg","Database connected":null}
{"time":"2025-09-26T15:19:04.9632037+05:30","level":"INFO","msg":"msg","Users table created":null}
{"time":"2025-10-12T17:37:39.7449019+05:30","level":"INFO","msg":"msg","Database connected":null}
{"time":"2025-10-12T18:51:19.5646218+05:30","level":"INFO","msg":"msg","Database connected":null}
{"time":"2025-10-12T19:31:55.4006602+05:30","level":"INFO","msg":"msg","Database connected":null}
{"time":"2025-10-12T19:52:01.4640028+05:30","level":"INFO","msg":"msg","Database connected":null}
{"time":"2025-10-13T10:23:59.5905805+05:30","level":"INFO","msg":"msg","Database connected":null}
{"time":"2025-10-13T10:31:35.0665069+05:30","level":"INFO","msg":"msg","Database connected":null}
{"time":"2025-10-13T10:35:16.5327912+05:30","level":"INFO","msg":"msg","Database connected":null}
{"time":"2025-10-13T10:40:52.4743085+05:30","level":"INFO","msg":"msg","Database connected":null}
{"time":"2025-10-13T10:43:57.505433+05:30","level":"INFO","msg":"msg","Database connected":null}
{"time":"2025-10-13T10:49:45.2264949+05:30","level":"INFO","msg":"msg","Database connected":null}
{"time":"2025-10-13T10:54:25.9940115+05:30","level":"INFO","msg":"msg","Database connected":null}
{"time":"2025-10-13T10:57:18.654847+05:30","level":"INFO","msg":"msg","Database connected":null}
{"time":"2025-10-13T11:02:50.753532+05:30","level":"INFO","msg":"msg","Database connected":null}
{"time":"2025-10-13T11:04:19.7910546+05:30","level":"INFO","msg":"msg","Database connected":null}
{"time":"2025-10-23T09:59:11.1199996+05:30","level":"INFO","msg":"msg","Database connected":null}
{"time":"2025-10-23T10:10:14.9258654+05:30","level":"INFO","msg":"msg","Database connected":null}
{"time":"2025-10-23T10:10:14.9682505+05:30","level":"INFO","msg":"msg","Email service initialized successfully":null}
{"time":"2025-10-23T10:11:16.33869+05:30","level":"INFO","msg":"msg","Verification email sent successfully to: %s":["shadowshukla76@gmail.com"]}
{"time":"2025-10-23T10:11:16.33869+05:30","level":"INFO","msg":"msg","Verification email queued for user %s: %s":["shadowshukla76@gmail.com","Verification email sent successfully"]}
{"time":"2025-10-23T10:12:51.382688+05:30","level":"INFO","msg":"msg","User %s successfully verified":["shadowshukla76@gmail.com"]}
{"time":"2025-10-27T11:50:00.0963695+05:30","level":"INFO","msg":"msg","Database connected":null}
{"time":"2025-10-27T11:50:00.1536063+05:30","level":"INFO","msg":"msg","Email service initialized successfully":null}
{"time":"2025-10-27T11:50:00.2945296+05:30","level":"INFO","msg":"msg","Email service initialized successfully":null}
{"time":"2025-10-28T16:09:02.0695161+05:30","level":"INFO","msg":"msg","Database connected":null}
{"time":"2025-10-28T16:09:02.0812454+05:30","level":"INFO","msg":"msg","Email service initialized successfully":null}
{"time":"2025-10-28T16:09:02.0865468+05:30","level":"INFO","msg":"msg","Email service initialized successfully":null}
{"time":"2025-10-28T16:10:59.4385956+05:30","level":"INFO","msg":"msg","Verification email sent successfully to: %s":["shadowshukla76@gmail.com"]}
{"time":"2025-10-28T16:10:59.4395981+05:30","level":"INFO","msg":"msg","Verification email queued for user %s: %s":["shadowshukla76@gmail.com","Verification email sent successfully"]}
{"time":"2025-10-28T16:12:10.6943445+05:30","level":"INFO","msg":"msg","User %s successfully verified":["shadowshukla76@gmail.com"]}
{"time":"2025-10-28T16:21:28.9577034+05:30","level":"INFO","msg":"msg","Database connected":null}
{"time":"2025-10-28T16:21:28.9601927+05:30","level":"INFO","msg":"msg","Email service initialized successfully":null}
{"time":"2025-10-28T16:21:29.0095268+05:30","level":"INFO","msg":"msg","Email service initialized successfully":null}
{"time":"2025-10-28T16:28:37.827854+05:30","level":"INFO","msg":"msg","Database connected":null}
{"time":"2025-10-28T16:28:37.8403346+05:30","level":"INFO","msg":"msg","Email service initialized successfully":null}
{"time":"2025-10-28T16:28:37.8408427+05:30","level":"INFO","msg":"msg","Email service initialized successfully":null}
{"time":"2025-10-28T16:40:49.9407806+05:30","level":"INFO","msg":"msg","Uploading file 6a8b07ed-9e1f-44dd-9d7f-dfdb4684e3391761649849_g4236.png to bucket: goCal-Albums-Bucket":null}
{"time":"2025-10-28T16:50:22.1563829+05:30","level":"INFO","msg":"msg","Database connected":null}
{"time":"2025-10-28T16:50:22.1603407+05:30","level":"INFO","msg":"msg","Email service initialized successfully":null}
{"time":"2025-10-28T16:50:22.1634559+05:30","level":"INFO","msg":"msg","Email service initialized successfully":null}
{"time":"2025-10-28T16:50:48.078398+05:30","level":"INFO","msg":"msg","Uploading file 6a8b07ed-9e1f-44dd-9d7f-dfdb4684e3391761650448_g4236.png to bucket: goCal-Albums-Bucket":null}
{"time":"2025-10-28T16:55:35.7613866+05:30","level":"INFO","msg":"msg","Database connected":null}
{"time":"2025-10-28T16:55:35.7954339+05:30","level":"INFO","msg":"msg","Email service initialized successfully":null}
{"time":"2025-10-28T16:55:35.7959917+05:30","level":"INFO","msg":"msg","Email service initialized successfully":null}
{"time":"2025-10-28T16:56:11.5755891+05:30","level":"INFO","msg":"msg","Uploading file 6a8b07ed-9e1f-44dd-9d7f-dfdb4684e3391761650771_g4236.png to bucket: goCal-Albums-Bucket":null}
{"time":"2025-10-29T05:48:08.2560876+05:30","level":"INFO","msg":"msg","Database connected":null}
{"time":"2025-10-29T05:48:08.2875689+05:30","level":"INFO","msg":"msg","Email service initialized successfully":null}
{"time":"2025-10-29T05:48:08.2971256+05:30","level":"INFO","msg":"msg","Email service initialized successfully":null}
{"time":"2025-10-29T05:55:16.2453673+05:30","level":"INFO","msg":"msg","Database connected":null}
{"time":"2025-10-29T05:55:16.2471053+05:30","level":"INFO","msg":"msg","Email service initialized successfully":null}
{"time":"2025-10-29T08:16:00.8975847+05:30","level":"INFO","msg":"msg","Database connected":null}
{"time":"2025-10-29T08:16:00.9121709+05:30","level":"INFO","msg":"msg","Email service initialized successfully":null}
{"time":"2025-10-29T08:16:00.9176931+05:30","level":"INFO","msg":"msg","Email service initialized successfully":null}
{"time":"2025-10-29T08:18:48.6669636+05:30","level":"INFO","msg":"msg","Database connected":null}
{"time":"2025-10-29T08:18:48.6681131+05:30","level":"INFO","msg":"msg","Email service initialized successfully":null}
{"time":"2025-10-29T08:18:48.6687123+05:30","level":"INFO","msg":"msg","Email service initialized successfully":null}
{"time":"2025-10-29T08:19:31.042145+05:30","level":"INFO","msg":"msg","Database connected":null}
{"time":"2025-10-29T08:19:31.0451815+05:30","level":"INFO","msg":"msg","Email service initialized successfully":null}
{"time":"2025-10-29T08:19:31.0474701+05:30","level":"INFO","msg":"msg","Email service initialized successfully":null}
{"time":"2025-10-29T08:23:16.9582259+05:30","level":"INFO","msg":"msg","Database connected":null}
{"time":"2025-10-29T08:23:16.9587561+05:30","level":"INFO","msg":"msg","Email service initialized successfully":null}
{"time":"2025-10-29T08:23:16.9599604+05:30","level":"INFO","msg":"msg","Email service initialized successfully":null}
{"time":"2025-10-29T08:25:46.5511141+05:30","level":"INFO","msg":"msg","Database connected":null}
{"time":"2025-10-29T08:25:46.5554932+05:30","level":"INFO","msg":"msg","Email service initialized successfully":null}
{"time":"2025-10-29T08:25:46.5598256+05:30","level":"INFO","msg":"msg","Email service initialized successfully":null}
{"time":"2025-10-29T08:43:48.8164603+05:30","level":"INFO","msg":"msg","Database connected":null}
{"time":"2025-10-29T08:43:48.8178693+05:30","level":"INFO","msg":"msg","Email service initialized successfully":null}
{"time":"2025-10-29T08:43:48.8201142+05:30","level":"INFO","msg":"msg","Email service initialized successfully":null}
{"time":"2025-10-29T08:44:51.119237+05:30","level":"INFO","msg":"msg","Database connected":null}
{"time":"2025-10-29T08:44:51.2133193+05:30","level":"INFO","msg":"msg","Email service initialized successfully":null}
{"time":"2025-10-29T08:44:51.585429+05:30","level":"INFO","msg":"msg","Email service initialized successfully":null}
